\BOOKMARK [1][-]{section.1}{\376\377\000I\000n\000t\000r\000o\000d\000u\000c\000t\000i\000o\000n}{}% 1
\BOOKMARK [1][-]{section.2}{\376\377\000B\000a\000c\000k\000g\000r\000o\000u\000n\000d}{}% 2
\BOOKMARK [2][-]{subsection.2.1}{\376\377\000x\0008\0006\000\040\000I\000n\000s\000t\000r\000u\000c\000t\000i\000o\000n\000\040\000E\000n\000c\000o\000d\000i\000n\000g}{section.2}% 3
\BOOKMARK [2][-]{subsection.2.2}{\376\377\000U\000n\000d\000o\000c\000u\000m\000e\000n\000t\000e\000d\000\040\000H\000i\000n\000t\000\040\000N\000O\000P\000s}{section.2}% 4
\BOOKMARK [2][-]{subsection.2.3}{\376\377\000P\000r\000i\000o\000r\000\040\000A\000n\000t\000i\000-\000D\000i\000s\000a\000s\000s\000e\000m\000b\000l\000y\000\040\000T\000e\000c\000h\000n\000i\000q\000u\000e\000s}{section.2}% 5
\BOOKMARK [1][-]{section.3}{\376\377\000L\000o\000a\000d\000-\000B\000e\000a\000r\000i\000n\000g\000\040\000N\000O\000P\000s}{}% 6
\BOOKMARK [2][-]{subsection.3.1}{\376\377\000C\000o\000n\000s\000t\000r\000u\000c\000t\000i\000o\000n}{section.3}% 7
\BOOKMARK [2][-]{subsection.3.2}{\376\377\000W\000h\000y\000\040\000S\000t\000a\000n\000d\000a\000r\000d\000\040\000D\000e\000f\000e\000n\000s\000e\000s\000\040\000F\000a\000i\000l}{section.3}% 8
\BOOKMARK [2][-]{subsection.3.3}{\376\377\0001\0005\000-\000B\000y\000t\000e\000\040\000N\000O\000P\000\040\000O\000p\000a\000q\000u\000e\000\040\000P\000r\000e\000d\000i\000c\000a\000t\000e\000s}{section.3}% 9
\BOOKMARK [2][-]{subsection.3.4}{\376\377\000N\000O\000P\000\040\000C\000h\000a\000i\000n\000\040\000B\000r\000i\000d\000g\000e\000s}{section.3}% 10
\BOOKMARK [2][-]{subsection.3.5}{\376\377\000D\000e\000l\000a\000y\000e\000d\000\040\000T\000r\000a\000p\000s}{section.3}% 11
\BOOKMARK [1][-]{section.4}{\376\377\000S\000u\000p\000p\000o\000r\000t\000i\000n\000g\000\040\000I\000n\000f\000r\000a\000s\000t\000r\000u\000c\000t\000u\000r\000e}{}% 12
\BOOKMARK [2][-]{subsection.4.1}{\376\377\000D\000y\000n\000a\000m\000i\000c\000\040\000M\000B\000A\000\040\000O\000b\000f\000u\000s\000c\000a\000t\000i\000o\000n}{section.4}% 13
\BOOKMARK [2][-]{subsection.4.2}{\376\377\000O\000p\000a\000q\000u\000e\000\040\000P\000r\000e\000d\000i\000c\000a\000t\000e\000s}{section.4}% 14
\BOOKMARK [1][-]{section.5}{\376\377\000I\000m\000p\000l\000e\000m\000e\000n\000t\000a\000t\000i\000o\000n}{}% 15
\BOOKMARK [1][-]{section.6}{\376\377\000E\000v\000a\000l\000u\000a\000t\000i\000o\000n}{}% 16
\BOOKMARK [2][-]{subsection.6.1}{\376\377\000D\000i\000s\000a\000s\000s\000e\000m\000b\000l\000e\000r\000\040\000C\000F\000G\000\040\000R\000e\000c\000o\000v\000e\000r\000y}{section.6}% 17
\BOOKMARK [2][-]{subsection.6.2}{\376\377\000D\000e\000c\000o\000m\000p\000i\000l\000e\000r\000\040\000F\000a\000i\000l\000u\000r\000e\000\040\000R\000a\000t\000e}{section.6}% 18
\BOOKMARK [2][-]{subsection.6.3}{\376\377\000N\000O\000P\000\040\000R\000e\000m\000o\000v\000a\000l\000\040\000C\000o\000r\000r\000e\000c\000t\000n\000e\000s\000s}{section.6}% 19
\BOOKMARK [2][-]{subsection.6.4}{\376\377\000S\000y\000m\000b\000o\000l\000i\000c\000\040\000E\000x\000e\000c\000u\000t\000i\000o\000n}{section.6}% 20
\BOOKMARK [2][-]{subsection.6.5}{\376\377\000O\000v\000e\000r\000h\000e\000a\000d}{section.6}% 21
\BOOKMARK [1][-]{section.7}{\376\377\000R\000e\000l\000a\000t\000e\000d\000\040\000W\000o\000r\000k}{}% 22
\BOOKMARK [1][-]{section.8}{\376\377\000D\000i\000s\000c\000u\000s\000s\000i\000o\000n\000\040\000a\000n\000d\000\040\000L\000i\000m\000i\000t\000a\000t\000i\000o\000n\000s}{}% 23
\BOOKMARK [1][-]{section.9}{\376\377\000C\000o\000n\000c\000l\000u\000s\000i\000o\000n}{}% 24
